1.2.3:
Update the Update Content module
Added news.log files
Added Function.func.Func parameter stp is the step size of x
-------------------------------------------------------------------------------------
1.3.0:
New Statistics.data.Data for statistical purposes
Function.func.Func can now display gridlines
The long description is moved to the __init__.py instead of the introductory page
New introduction to the Introduction page
-------------------------------------------------------------------------------------
1.3.1:
New Statistics.data.Data.setxs and setfs to change the data and the weight,See __init__.py for details
Modified the mechanism for determining data equality
-------------------------------------------------------------------------------------
1.3.2：
Fixed a bug that could not be imported
-------------------------------------------------------------------------------------
1.3.3：
Add the showld() function to print the description instead of importing print directly
-------------------------------------------------------------------------------------
1.3.4：
Fixed a bug that could not be imported
-------------------------------------------------------------------------------------
1.3.5:
Fixed a bug that could not be imported
Added a description of the Home page library
-------------------------------------------------------------------------------------